<?xml version="1.0" encoding="UTF-8"?>
<testng-results skipped="0" failed="0" total="2" passed="2">
  <reporter-output>
  </reporter-output>
  <suite name="Default suite" duration-ms="19091" started-at="2019-11-28T05:20:10Z" finished-at="2019-11-28T05:20:29Z">
    <groups>
    </groups>
    <test name="Default test" duration-ms="19091" started-at="2019-11-28T05:20:10Z" finished-at="2019-11-28T05:20:29Z">
      <class name="tests.Tests">
        <test-method status="PASS" signature="testlogin()[pri:1, instance:tests.Tests@58651fd0]" name="testlogin" duration-ms="19053" started-at="2019-11-28T10:50:10Z" finished-at="2019-11-28T10:50:29Z">
          <reporter-output>
          </reporter-output>
        </test-method> <!-- testlogin -->
        <test-method status="PASS" signature="testbooking()[pri:2, instance:tests.Tests@58651fd0]" name="testbooking" duration-ms="2" started-at="2019-11-28T10:50:29Z" finished-at="2019-11-28T10:50:29Z">
          <reporter-output>
          </reporter-output>
        </test-method> <!-- testbooking -->
      </class> <!-- tests.Tests -->
    </test> <!-- Default test -->
  </suite> <!-- Default suite -->
</testng-results>
